<?xml version="1.0" encoding="UTF-8"?>
<!-- Generated by org.testng.reporters.JUnitReportReporter -->
<testsuite skipped="7" hostname="AMAC02Q22UBG8WM" name="android_Testcases.Login" tests="7" failures="0" timestamp="03 Jun 2018 17:09:13 GMT" time="0.000" errors="0">
  <testcase name="verifyWelcomeToOCEAN" time="0.000" classname="android_Testcases.Login">
    <skipped/>
  </testcase> <!-- verifyWelcomeToOCEAN -->
  <testcase name="verifyPasswordField" time="0.000" classname="android_Testcases.Login">
    <skipped/>
  </testcase> <!-- verifyPasswordField -->
  <testcase name="verifyRememberMeField" time="0.000" classname="android_Testcases.Login">
    <skipped/>
  </testcase> <!-- verifyRememberMeField -->
  <testcase name="verifyUsernameField" time="0.000" classname="android_Testcases.Login">
    <skipped/>
  </testcase> <!-- verifyUsernameField -->
  <testcase name="verifyJoinOceanLink" time="0.000" classname="android_Testcases.Login">
    <skipped/>
  </testcase> <!-- verifyJoinOceanLink -->
  <testcase name="verifygetLogOnBTN" time="0.000" classname="android_Testcases.Login">
    <skipped/>
  </testcase> <!-- verifygetLogOnBTN -->
  <testcase name="verifyLogin" time="0.000" classname="android_Testcases.Login">
    <skipped/>
  </testcase> <!-- verifyLogin -->
</testsuite> <!-- android_Testcases.Login -->
